;  LST file generated by mikroListExporter - v.2.0 
; Date/Time: 14/03/2016 11:07:24
;----------------------------------------------

;Address Opcode 	ASM
0x0000	0xF000EF24  	GOTO        72
_interrupt:
;P6b.c,2 :: 		void interrupt(){
0x0008	0xF015C000  	MOVFF       R0, 21
;P6b.c,3 :: 		if(INTCON3.INT1IF==1){
0x000C	0xA0F0      	BTFSS       INTCON3, 0 
0x000E	0xD004      	BRA         L_interrupt0
;P6b.c,4 :: 		INTCON3.INT1IF=0;
0x0010	0x90F0      	BCF         INTCON3, 0 
;P6b.c,5 :: 		INTCON3.INT1IE=0;
0x0012	0x96F0      	BCF         INTCON3, 3 
;P6b.c,6 :: 		T0CON.B7=1;
0x0014	0x8ED5      	BSF         T0CON, 7 
;P6b.c,7 :: 		PORTC.B0=1;
0x0016	0x8082      	BSF         PORTC, 0 
;P6b.c,8 :: 		}
L_interrupt0:
;P6b.c,9 :: 		if(INTCON.TMR0IF==1){
0x0018	0xA4F2      	BTFSS       INTCON, 2 
0x001A	0xD00B      	BRA         L_interrupt1
;P6b.c,10 :: 		INTCON.TMR0IF=0;
0x001C	0x94F2      	BCF         INTCON, 2 
;P6b.c,11 :: 		TMR0H=(3036>>8);
0x001E	0x0E0B      	MOVLW       11
0x0020	0x6ED7      	MOVWF       TMR0H 
;P6b.c,12 :: 		TMR0L=3036;
0x0022	0x0EDC      	MOVLW       220
0x0024	0x6ED6      	MOVWF       TMR0L 
;P6b.c,13 :: 		cont++;
0x0026	0x2A16      	INCF        _cont, 1 
;P6b.c,14 :: 		if(cont==6){
0x0028	0x5016      	MOVF        _cont, 0 
0x002A	0x0A06      	XORLW       6
0x002C	0xE102      	BNZ         L_interrupt2
;P6b.c,15 :: 		T0CON.B7=0;
0x002E	0x9ED5      	BCF         T0CON, 7 
;P6b.c,16 :: 		PORTC.B0=0;
0x0030	0x9082      	BCF         PORTC, 0 
;P6b.c,17 :: 		}
L_interrupt2:
;P6b.c,18 :: 		}
L_interrupt1:
;P6b.c,19 :: 		}
L_end_interrupt:
L__interrupt6:
0x0032	0xF000C015  	MOVFF       21, R0
0x0036	0x0011      	RETFIE      1
; end of _interrupt
___CC2DW:
;__Lib_System.c,21 :: 		
;__Lib_System.c,23 :: 		
_CC2DL_Loop1:
;__Lib_System.c,24 :: 		
0x0038	0x0009      	TBLRD*+
;__Lib_System.c,25 :: 		
0x003A	0xFFE6CFF5  	MOVFF       TABLAT, POSTINC1
;__Lib_System.c,26 :: 		
0x003E	0x0600      	DECF        R0, 1, 0
;__Lib_System.c,27 :: 		
0x0040	0xE1FB      	BNZ         _CC2DL_Loop1
;__Lib_System.c,28 :: 		
0x0042	0x0601      	DECF        R1, 1, 0
;__Lib_System.c,29 :: 		
0x0044	0xE1F9      	BNZ         _CC2DL_Loop1
;__Lib_System.c,31 :: 		
L_end___CC2DW:
0x0046	0x0012      	RETURN      0
; end of ___CC2DW
_main:
0x0048	0x6A16      	CLRF        _cont 
;P6b.c,20 :: 		void main() {
;P6b.c,21 :: 		TRISB.B1=1;
0x004A	0x8293      	BSF         TRISB, 1 
;P6b.c,22 :: 		TRISC.B0=0;
0x004C	0x9094      	BCF         TRISC, 0 
;P6b.c,23 :: 		PORTC.B0=0;
0x004E	0x9082      	BCF         PORTC, 0 
;P6b.c,24 :: 		T0CON=0x04;
0x0050	0x0E04      	MOVLW       4
0x0052	0x6ED5      	MOVWF       T0CON 
;P6b.c,25 :: 		TMR0H=(3036>>8);
0x0054	0x0E0B      	MOVLW       11
0x0056	0x6ED7      	MOVWF       TMR0H 
;P6b.c,26 :: 		TMR0L=3036;
0x0058	0x0EDC      	MOVLW       220
0x005A	0x6ED6      	MOVWF       TMR0L 
;P6b.c,27 :: 		INTCON.PEIE = 0;
0x005C	0x9CF2      	BCF         INTCON, 6 
;P6b.c,28 :: 		RCON.IPEN = 0;
0x005E	0x9ED0      	BCF         RCON, 7 
;P6b.c,29 :: 		INTCON2.INTEDG1=1;
0x0060	0x8AF1      	BSF         INTCON2, 5 
;P6b.c,30 :: 		INTCON3.INT1IF = 0;
0x0062	0x90F0      	BCF         INTCON3, 0 
;P6b.c,31 :: 		INTCON3.INT1IE = 1;
0x0064	0x86F0      	BSF         INTCON3, 3 
;P6b.c,32 :: 		INTCON.TMR0IF=0;
0x0066	0x94F2      	BCF         INTCON, 2 
;P6b.c,33 :: 		INTCON.TMR0IE=1;
0x0068	0x8AF2      	BSF         INTCON, 5 
;P6b.c,34 :: 		INTCON.GIE=1;
0x006A	0x8EF2      	BSF         INTCON, 7 
;P6b.c,35 :: 		while(1);
L_main3:
0x006C	0xD7FF      	BRA         L_main3
;P6b.c,36 :: 		}
L_end_main:
0x006E	0xD7FF      	BRA         $+0
; end of _main
Symbol List:
//** Routines locations **
//ADDRESS    SIZE    PROCEDURE
//----------------------------------------------
0x0008      [48]    _interrupt
0x0038      [16]    ___CC2DW
0x0048      [40]    _main
//** Variables locations ** 
//ADDRESS    SIZE    VARIABLE
//----------------------------------------------
0x0000       [1]    R0
0x0000       [1]    FLASH_Erase_64_SaveINTCON_L0
0x0000       [1]    UART1_Init_tmp_L0
0x0000       [1]    SPI1_Write_tmp_L0
0x0000       [1]    __Lib_SoftI2C_PutZerosToLATScl_temp_scl_L0
0x0000       [1]    __Lib_SoftI2C_PutZerosToLATSda_temp_sda_L0
0x0000       [1]    EEPROM_Write_SaveINTCON_L0
0x0001       [1]    FLASH_Write_8_i_L0
0x0001       [1]    __Lib_TFT_16bit_JPEG_FileReadBytes_Result_L0
0x0001       [1]    UART1_Read___tmp_UART1_Read_L0
0x0001       [1]    __Lib_PS2_Wait_Falling_nsample_L0
0x0001       [2]    FLASH_Read_N_Bytes_i_L0
0x0001       [1]    __Lib_TFT_JPEG_FileReadBytes_Result_L0
0x0001       [1]    FLASH_Erase_Write_64_i_L0
0x0001       [1]    R1
0x0001       [1]    ispunct_rslt_L0
0x0001       [1]    __Lib_TFT_JPEG_FileRead_i_L0
0x0001       [1]    I2C1_Rd_tmp_L0
0x0001       [1]    __Lib_TFT_16bit_JPEG_FileRead_i_L0
0x0002       [2]    memset_pp_L0
0x0002       [2]    memcpy_dd_L0
0x0002       [2]    strlen_cp_L0
0x0002       [1]    R2
0x0002       [2]    memchr_s_L0
0x0002       [1]    FLASH_Erase_Write_64_j_L0
0x0002       [1]    FLASH_Write_8_SaveINTCON_L0
0x0003       [2]    __Lib_MmcFat16_f16_toInt_l_L0
0x0003       [1]    R3
0x0003       [1]    FLASH_Erase_Write_64_SaveINTCON_L0
0x0003       [2]    MM_TotalFreeMemSize_Tot_L0
0x0003       [2]    Ltrim_original_L0
0x0003       [1]    MM_Init_i_L0
0x0003       [2]    memmove_tt_L0
0x0003       [1]    __Lib_Sprinti_?FLOC____Lib_Sprinti_Do_FillT29
0x0004       [1]    __Lib_Sprinti_?FLOC____Lib_Sprinti_Do_FillT40
0x0004       [1]    R4
0x0004       [2]    memcpy_ss_L0
0x0004       [2]    frexp_pom_L0
0x0004       [2]    strncpy_cp_L0
0x0004       [2]    strncat_cp_L0
0x0004       [2]    strcat_cp_L0
0x0004       [2]    strcpy_cp_L0
0x0004       [2]    __Lib_MemManager_MM_GetMemAlign_P_L0
0x0005       [2]    Ltrim_p_L0
0x0005       [1]    R5
0x0005       [1]    MM_TotalFreeMemSize_i_L0
0x0005       [2]    LongIntToHex_input_half_L0
0x0005       [1]    __Lib_Sprinti_?FLOC____Lib_Sprinti_Do_FillT54
0x0005       [2]    memmove_ff_L0
0x0005       [2]    LongWordToHex_input_half_L0
0x0006       [1]    R6
0x0006       [1]    __Lib_MemManager_MM_GetMemAlign_i_L0
0x0006       [1]    __Lib_Sprinti_?FLOC____Lib_Sprinti_Do_FillT69
0x0007       [1]    R7
0x0007       [1]    __Lib_TFT_16bit_JPEG_GenerateHuffmanTables_bLength_L0
0x0007       [1]    __Lib_TFT_JPEG_GenerateHuffmanTables_bLength_L0
0x0008       [1]    R8
0x0008       [1]    __Lib_TFT_16bit_JPEG_GenerateHuffmanTables_bTable_L0
0x0008       [1]    __Lib_TFT_JPEG_GenerateHuffmanTables_bTable_L0
0x0009       [1]    R9
0x0009       [4]    __Lib_MmcFat16_f16_toLong_l_L0
0x000A       [1]    R10
0x000B       [1]    R11
0x000C       [1]    R12
0x000D       [1]    R13
0x000E       [1]    R14
0x000F       [1]    R15
0x0010       [1]    R16
0x0011       [1]    R17
0x0012       [1]    R18
0x0013       [1]    R19
0x0014       [1]    R20
0x0016       [1]    _cont
0x0F82       [1]    PORTC
0x0F93       [1]    TRISB
0x0F94       [1]    TRISC
0x0FD0       [1]    RCON
0x0FD5       [1]    T0CON
0x0FD6       [1]    TMR0L
0x0FD7       [1]    TMR0H
0x0FD8       [1]    STATUS
0x0FD9       [1]    FSR2L
0x0FDA       [1]    FSR2H
0x0FDE       [1]    POSTINC2
0x0FE0       [1]    BSR
0x0FE1       [1]    FSR1L
0x0FE2       [1]    FSR1H
0x0FE4       [1]    PREINC1
0x0FE6       [1]    POSTINC1
0x0FE7       [1]    INDF1
0x0FE8       [1]    WREG
0x0FE9       [1]    FSR0L
0x0FEA       [1]    FSR0H
0x0FEE       [1]    POSTINC0
0x0FF0       [1]    INTCON3
0x0FF1       [1]    INTCON2
0x0FF2       [1]    INTCON
0x0FF3       [1]    PRODL
0x0FF4       [1]    PRODH
0x0FF5       [1]    TABLAT
0x0FF6       [1]    TBLPTRL
0x0FF7       [1]    TBLPTRH
0x0FF8       [1]    TBLPTRU
